<?xml version="1.0" encoding="UTF-8"?>
<!-- Generated by org.testng.reporters.JUnitReportReporter -->
<testsuite skipped="0" hostname="LAPTOP-9NM2HTVU" name="TestNG_Task.ScreenShot_Taking" tests="1" failures="0" timestamp="26 Apr 2023 02:56:29 GMT" time="15.494" errors="0">
  <testcase name="a_start" time="15.494" classname="TestNG_Task.ScreenShot_Taking"/>
</testsuite> <!-- TestNG_Task.ScreenShot_Taking -->
