<?xml version="1.0" encoding="UTF-8"?>
<!-- Generated by org.testng.reporters.JUnitReportReporter -->
<testsuite skipped="0" hostname="LAPTOP-9NM2HTVU" name="TestNG_Task.Hard_Assertions_ZeroWebApp" tests="8" failures="0" timestamp="25 Apr 2023 12:02:38 GMT" time="6.901" errors="0">
  <testcase name="a_start" time="6.608" classname="TestNG_Task.Hard_Assertions_ZeroWebApp"/>
  <testcase name="d_assertTrue" time="0.036" classname="TestNG_Task.Hard_Assertions_ZeroWebApp"/>
  <testcase name="g_assertNull" time="0.001" classname="TestNG_Task.Hard_Assertions_ZeroWebApp"/>
  <testcase name="b_assertEquals" time="0.058" classname="TestNG_Task.Hard_Assertions_ZeroWebApp"/>
  <testcase name="h_quit" time="0.180" classname="TestNG_Task.Hard_Assertions_ZeroWebApp"/>
  <testcase name="f_assertNotNull" time="0.013" classname="TestNG_Task.Hard_Assertions_ZeroWebApp"/>
  <testcase name="c_assertNotEquals" time="0.003" classname="TestNG_Task.Hard_Assertions_ZeroWebApp"/>
  <testcase name="e_assertFalse" time="0.002" classname="TestNG_Task.Hard_Assertions_ZeroWebApp"/>
</testsuite> <!-- TestNG_Task.Hard_Assertions_ZeroWebApp -->
