<?xml version="1.0" encoding="UTF-8"?>
<!-- Generated by org.testng.reporters.JUnitReportReporter -->
<testsuite skipped="1" hostname="LAPTOP-9NM2HTVU" name="TestNG_Task.JPetStore" tests="5" failures="0" timestamp="26 Apr 2023 03:06:31 GMT" time="10.467" errors="0">
  <testcase name="pageLoad" time="5.477" classname="TestNG_Task.JPetStore"/>
  <testcase name="userInfo" time="0.322" classname="TestNG_Task.JPetStore"/>
  <testcase name="accountInfo" time="0.915" classname="TestNG_Task.JPetStore"/>
  <testcase name="profileInfo" time="3.753" classname="TestNG_Task.JPetStore"/>
  <testcase name="disability" classname="TestNG_Task.JPetStore">
    <skipped/>
  </testcase> <!-- disability -->
</testsuite> <!-- TestNG_Task.JPetStore -->
